2019-01-21 00:03:14.183 [HikariPool-1 housekeeper] WARN  com.zaxxer.hikari.pool.HikariPool - HikariPool-1 - Thread starvation or clock leap detected (housekeeper delta=14m49s275ms).
2019-01-21 00:05:04.334 [http-nio-8889-exec-6] INFO  com.course.controller.userManager - query login result:0
2019-01-21 00:06:08.999 [http-nio-8889-exec-8] INFO  com.course.controller.userManager - query login result:1
2019-01-21 00:06:08.999 [http-nio-8889-exec-8] INFO  com.course.controller.userManager - current username:zhangsan
2019-01-21 00:06:09.224 [http-nio-8889-exec-9] INFO  com.course.controller.userManager - cookies validation passed
2019-01-21 00:06:09.247 [http-nio-8889-exec-9] INFO  com.course.controller.userManager - addUser successed,1
2019-01-21 00:13:28.225 [http-nio-8889-exec-1] INFO  com.course.controller.userManager - query login result:1
2019-01-21 00:13:28.226 [http-nio-8889-exec-1] INFO  com.course.controller.userManager - current username:zhangsan
2019-01-21 00:13:28.423 [http-nio-8889-exec-2] INFO  com.course.controller.userManager - cookies validation passed
2019-01-21 00:13:28.502 [http-nio-8889-exec-2] INFO  com.course.controller.userManager - addUser successed,1
2019-01-21 00:13:44.983 [http-nio-8889-exec-3] INFO  com.course.controller.userManager - cookies validation passed
2019-01-21 00:13:44.989 [http-nio-8889-exec-3] INFO  com.course.controller.userManager - getUserInfo's number1
2019-01-21 00:55:33.896 [HikariPool-1 housekeeper] WARN  com.zaxxer.hikari.pool.HikariPool - HikariPool-1 - Thread starvation or clock leap detected (housekeeper delta=36m42s868ms).
2019-01-21 03:26:01.798 [HikariPool-1 housekeeper] WARN  com.zaxxer.hikari.pool.HikariPool - HikariPool-1 - Thread starvation or clock leap detected (housekeeper delta=2h27s466ms).
2019-01-21 05:56:00.224 [HikariPool-1 housekeeper] WARN  com.zaxxer.hikari.pool.HikariPool - HikariPool-1 - Thread starvation or clock leap detected (housekeeper delta=2h28s36ms).
2019-01-21 07:28:32.360 [HikariPool-1 housekeeper] WARN  com.zaxxer.hikari.pool.HikariPool - HikariPool-1 - Thread starvation or clock leap detected (housekeeper delta=1h3m1s720ms).
2019-01-21 07:29:01.897 [HikariPool-1 housekeeper] WARN  com.zaxxer.hikari.pool.HikariPool - HikariPool-1 - Retrograde clock change detected (housekeeper delta=29s537ms), soft-evicting connections from pool.
2019-01-21 09:12:01.179 [HikariPool-1 housekeeper] WARN  com.zaxxer.hikari.pool.HikariPool - HikariPool-1 - Thread starvation or clock leap detected (housekeeper delta=1h13m28s867ms).
2019-01-21 10:08:13.657 [HikariPool-1 housekeeper] WARN  com.zaxxer.hikari.pool.HikariPool - HikariPool-1 - Thread starvation or clock leap detected (housekeeper delta=26m42s54ms).
2019-01-21 10:22:36.512 [http-nio-8889-exec-5] INFO  com.course.controller.userManager - query login result:1
2019-01-21 10:22:36.514 [http-nio-8889-exec-5] INFO  com.course.controller.userManager - current username:zhangsan
2019-01-21 10:22:36.787 [http-nio-8889-exec-6] INFO  com.course.controller.userManager - cookies validation passed
2019-01-21 10:22:36.872 [http-nio-8889-exec-6] INFO  com.course.controller.userManager - addUser successed,1
2019-01-21 10:22:57.143 [http-nio-8889-exec-7] INFO  com.course.controller.userManager - cookies validation passed
2019-01-21 10:22:57.147 [http-nio-8889-exec-7] INFO  com.course.controller.userManager - getUserInfo's number1
2019-01-21 10:23:08.776 [http-nio-8889-exec-8] INFO  com.course.controller.userManager - cookies validation passed
2019-01-21 10:23:08.779 [http-nio-8889-exec-8] INFO  com.course.controller.userManager - getUserInfo's number1
2019-01-21 10:29:42.939 [http-nio-8889-exec-10] INFO  com.course.controller.userManager - query login result:1
2019-01-21 10:29:42.940 [http-nio-8889-exec-10] INFO  com.course.controller.userManager - current username:zhangsan
2019-01-21 10:29:43.181 [http-nio-8889-exec-1] INFO  com.course.controller.userManager - cookies validation passed
2019-01-21 10:29:43.282 [http-nio-8889-exec-1] INFO  com.course.controller.userManager - addUser successed,1
2019-01-21 10:30:59.139 [http-nio-8889-exec-3] INFO  com.course.controller.userManager - cookies validation passed
2019-01-21 10:30:59.158 [http-nio-8889-exec-3] INFO  com.course.controller.userManager - getUserInfo's number1
2019-01-21 10:31:48.049 [http-nio-8889-exec-4] INFO  com.course.controller.userManager - cookies validation passed
2019-01-21 10:31:48.058 [http-nio-8889-exec-4] INFO  com.course.controller.userManager - getUserInfo's number1
2019-01-21 10:34:24.057 [http-nio-8889-exec-6] INFO  com.course.controller.userManager - cookies validation passed
2019-01-21 10:34:24.090 [http-nio-8889-exec-6] INFO  com.course.controller.userManager - updateUser successfully,update count is1
2019-01-21 10:36:16.335 [http-nio-8889-exec-8] INFO  com.course.controller.userManager - query login result:1
2019-01-21 10:36:16.336 [http-nio-8889-exec-8] INFO  com.course.controller.userManager - current username:zhangsan
2019-01-21 10:36:16.640 [http-nio-8889-exec-9] INFO  com.course.controller.userManager - cookies validation passed
2019-01-21 10:36:16.726 [http-nio-8889-exec-9] INFO  com.course.controller.userManager - addUser successed,1
2019-01-21 10:36:50.673 [http-nio-8889-exec-10] INFO  com.course.controller.userManager - cookies validation passed
2019-01-21 10:36:50.680 [http-nio-8889-exec-10] INFO  com.course.controller.userManager - getUserInfo's number1
2019-01-21 10:37:07.177 [http-nio-8889-exec-1] INFO  com.course.controller.userManager - cookies validation passed
2019-01-21 10:37:07.190 [http-nio-8889-exec-1] INFO  com.course.controller.userManager - getUserInfo's number1
2019-01-21 10:39:34.977 [http-nio-8889-exec-3] INFO  com.course.controller.userManager - cookies validation passed
2019-01-21 10:39:35.065 [http-nio-8889-exec-3] INFO  com.course.controller.userManager - updateUser successfully,update count is1
2019-01-21 10:46:42.340 [http-nio-8889-exec-5] INFO  com.course.controller.userManager - query login result:1
2019-01-21 10:46:42.341 [http-nio-8889-exec-5] INFO  com.course.controller.userManager - current username:zhangsan
2019-01-21 10:46:42.567 [http-nio-8889-exec-6] INFO  com.course.controller.userManager - cookies validation passed
2019-01-21 10:46:42.591 [http-nio-8889-exec-6] INFO  com.course.controller.userManager - addUser successed,1
2019-01-21 10:47:02.296 [http-nio-8889-exec-7] INFO  com.course.controller.userManager - cookies validation passed
2019-01-21 10:47:02.299 [http-nio-8889-exec-7] INFO  com.course.controller.userManager - getUserInfo's number1
2019-01-21 10:47:09.816 [http-nio-8889-exec-8] INFO  com.course.controller.userManager - cookies validation passed
2019-01-21 10:47:09.828 [http-nio-8889-exec-8] INFO  com.course.controller.userManager - getUserInfo's number1
2019-01-21 10:47:44.394 [http-nio-8889-exec-9] INFO  com.course.controller.userManager - cookies validation passed
2019-01-21 10:47:44.444 [http-nio-8889-exec-9] INFO  com.course.controller.userManager - updateUser successfully,update count is1
2019-01-21 11:06:02.631 [Thread-3] INFO  org.springframework.scheduling.concurrent.ThreadPoolTaskScheduler - Shutting down ExecutorService 'taskScheduler'
2019-01-21 11:06:02.641 [Thread-3] INFO  org.springframework.scheduling.concurrent.ThreadPoolTaskExecutor - Shutting down ExecutorService 'applicationTaskExecutor'
2019-01-21 11:06:02.645 [Thread-3] INFO  com.zaxxer.hikari.HikariDataSource - HikariPool-1 - Shutdown initiated...
2019-01-21 11:06:02.664 [Thread-3] INFO  com.zaxxer.hikari.HikariDataSource - HikariPool-1 - Shutdown completed.
2019-01-21 11:06:10.690 [main] INFO  com.course.Application - Starting Application on zhangxiaofengdeMacBook-Pro.local with PID 3774 (/Users/zhangxiaofeng/Documents/workspace/com.api.automation/AutoAPITest/Chapter13/target/classes started by zhangxiaofeng in /Users/zhangxiaofeng/Documents/workspace/com.api.automation/AutoAPITest)
2019-01-21 11:06:10.697 [main] INFO  com.course.Application - No active profile set, falling back to default profiles: default
2019-01-21 11:06:12.727 [main] WARN  org.mybatis.spring.mapper.ClassPathMapperScanner - No MyBatis mapper was found in '[com.course]' package. Please check your configuration.
2019-01-21 11:06:13.343 [main] INFO  o.s.context.support.PostProcessorRegistrationDelegate$BeanPostProcessorChecker - Bean 'org.springframework.transaction.annotation.ProxyTransactionManagementConfiguration' of type [org.springframework.transaction.annotation.ProxyTransactionManagementConfiguration$$EnhancerBySpringCGLIB$$ddb2e418] is not eligible for getting processed by all BeanPostProcessors (for example: not eligible for auto-proxying)
2019-01-21 11:06:13.949 [main] INFO  org.springframework.boot.web.embedded.tomcat.TomcatWebServer - Tomcat initialized with port(s): 8889 (http)
2019-01-21 11:06:14.013 [main] INFO  org.apache.catalina.core.StandardService - Starting service [Tomcat]
2019-01-21 11:06:14.014 [main] INFO  org.apache.catalina.core.StandardEngine - Starting Servlet Engine: Apache Tomcat/9.0.13
2019-01-21 11:06:14.031 [main] INFO  org.apache.catalina.core.AprLifecycleListener - The APR based Apache Tomcat Native library which allows optimal performance in production environments was not found on the java.library.path: [/Users/zhangxiaofeng/Library/Java/Extensions:/Library/Java/Extensions:/Network/Library/Java/Extensions:/System/Library/Java/Extensions:/usr/lib/java:.]
2019-01-21 11:06:14.219 [main] INFO  org.apache.catalina.core.ContainerBase.[Tomcat].[localhost].[/] - Initializing Spring embedded WebApplicationContext
2019-01-21 11:06:14.220 [main] INFO  org.springframework.web.context.ContextLoader - Root WebApplicationContext: initialization completed in 3299 ms
2019-01-21 11:06:15.694 [main] INFO  org.springframework.scheduling.concurrent.ThreadPoolTaskExecutor - Initializing ExecutorService 'applicationTaskExecutor'
2019-01-21 11:06:16.065 [main] INFO  org.springframework.scheduling.concurrent.ThreadPoolTaskScheduler - Initializing ExecutorService 'taskScheduler'
2019-01-21 11:06:16.145 [main] INFO  springfox.documentation.spring.web.plugins.DocumentationPluginsBootstrapper - Context refreshed
2019-01-21 11:06:16.173 [main] INFO  springfox.documentation.spring.web.plugins.DocumentationPluginsBootstrapper - Found 1 custom documentation plugin(s)
2019-01-21 11:06:16.193 [main] INFO  springfox.documentation.spring.web.scanners.ApiListingReferenceScanner - Scanning for api listing references
2019-01-21 11:06:16.675 [main] INFO  org.springframework.boot.web.embedded.tomcat.TomcatWebServer - Tomcat started on port(s): 8889 (http) with context path ''
2019-01-21 11:06:16.682 [main] INFO  com.course.Application - Started Application in 6.909 seconds (JVM running for 8.024)
2019-01-21 11:06:57.004 [http-nio-8889-exec-1] INFO  org.apache.catalina.core.ContainerBase.[Tomcat].[localhost].[/] - Initializing Spring DispatcherServlet 'dispatcherServlet'
2019-01-21 11:06:57.005 [http-nio-8889-exec-1] INFO  org.springframework.web.servlet.DispatcherServlet - Initializing Servlet 'dispatcherServlet'
2019-01-21 11:06:57.019 [http-nio-8889-exec-1] INFO  org.springframework.web.servlet.DispatcherServlet - Completed initialization in 14 ms
2019-01-21 11:06:57.225 [http-nio-8889-exec-1] INFO  com.zaxxer.hikari.HikariDataSource - HikariPool-1 - Starting...
2019-01-21 11:06:57.233 [http-nio-8889-exec-1] WARN  com.zaxxer.hikari.util.DriverDataSource - Registered driver with driverClassName=com.mysql.jdbc.Driver was not found, trying direct instantiation.
2019-01-21 11:06:57.835 [http-nio-8889-exec-1] INFO  com.zaxxer.hikari.HikariDataSource - HikariPool-1 - Start completed.
2019-01-21 11:06:57.921 [http-nio-8889-exec-1] INFO  com.course.controller.userManager - query login result:1
2019-01-21 11:06:57.921 [http-nio-8889-exec-1] INFO  com.course.controller.userManager - current username:zhangsan
2019-01-21 11:06:58.487 [http-nio-8889-exec-2] INFO  com.course.controller.userManager - cookies validation passed
2019-01-21 11:06:58.531 [http-nio-8889-exec-2] ERROR o.a.catalina.core.ContainerBase.[Tomcat].[localhost].[/].[dispatcherServlet] - Servlet.service() for servlet [dispatcherServlet] in context with path [] threw exception [Request processing failed; nested exception is java.lang.UnsupportedOperationException: Manual commit is not allowed over a Spring managed SqlSession] with root cause
java.lang.UnsupportedOperationException: Manual commit is not allowed over a Spring managed SqlSession
	at org.mybatis.spring.SqlSessionTemplate.commit(SqlSessionTemplate.java:326)
	at com.course.controller.userManager.addUser(userManager.java:58)
	at sun.reflect.NativeMethodAccessorImpl.invoke0(Native Method)
	at sun.reflect.NativeMethodAccessorImpl.invoke(NativeMethodAccessorImpl.java:62)
	at sun.reflect.DelegatingMethodAccessorImpl.invoke(DelegatingMethodAccessorImpl.java:43)
	at java.lang.reflect.Method.invoke(Method.java:497)
	at org.springframework.web.method.support.InvocableHandlerMethod.doInvoke(InvocableHandlerMethod.java:189)
	at org.springframework.web.method.support.InvocableHandlerMethod.invokeForRequest(InvocableHandlerMethod.java:138)
	at org.springframework.web.servlet.mvc.method.annotation.ServletInvocableHandlerMethod.invokeAndHandle(ServletInvocableHandlerMethod.java:102)
	at org.springframework.web.servlet.mvc.method.annotation.RequestMappingHandlerAdapter.invokeHandlerMethod(RequestMappingHandlerAdapter.java:895)
	at org.springframework.web.servlet.mvc.method.annotation.RequestMappingHandlerAdapter.handleInternal(RequestMappingHandlerAdapter.java:800)
	at org.springframework.web.servlet.mvc.method.AbstractHandlerMethodAdapter.handle(AbstractHandlerMethodAdapter.java:87)
	at org.springframework.web.servlet.DispatcherServlet.doDispatch(DispatcherServlet.java:1038)
	at org.springframework.web.servlet.DispatcherServlet.doService(DispatcherServlet.java:942)
	at org.springframework.web.servlet.FrameworkServlet.processRequest(FrameworkServlet.java:1005)
	at org.springframework.web.servlet.FrameworkServlet.doPost(FrameworkServlet.java:908)
	at javax.servlet.http.HttpServlet.service(HttpServlet.java:660)
	at org.springframework.web.servlet.FrameworkServlet.service(FrameworkServlet.java:882)
	at javax.servlet.http.HttpServlet.service(HttpServlet.java:741)
	at org.apache.catalina.core.ApplicationFilterChain.internalDoFilter(ApplicationFilterChain.java:231)
	at org.apache.catalina.core.ApplicationFilterChain.doFilter(ApplicationFilterChain.java:166)
	at org.apache.tomcat.websocket.server.WsFilter.doFilter(WsFilter.java:53)
	at org.apache.catalina.core.ApplicationFilterChain.internalDoFilter(ApplicationFilterChain.java:193)
	at org.apache.catalina.core.ApplicationFilterChain.doFilter(ApplicationFilterChain.java:166)
	at org.springframework.web.filter.RequestContextFilter.doFilterInternal(RequestContextFilter.java:99)
	at org.springframework.web.filter.OncePerRequestFilter.doFilter(OncePerRequestFilter.java:107)
	at org.apache.catalina.core.ApplicationFilterChain.internalDoFilter(ApplicationFilterChain.java:193)
	at org.apache.catalina.core.ApplicationFilterChain.doFilter(ApplicationFilterChain.java:166)
	at org.springframework.web.filter.FormContentFilter.doFilterInternal(FormContentFilter.java:92)
	at org.springframework.web.filter.OncePerRequestFilter.doFilter(OncePerRequestFilter.java:107)
	at org.apache.catalina.core.ApplicationFilterChain.internalDoFilter(ApplicationFilterChain.java:193)
	at org.apache.catalina.core.ApplicationFilterChain.doFilter(ApplicationFilterChain.java:166)
	at org.springframework.web.filter.HiddenHttpMethodFilter.doFilterInternal(HiddenHttpMethodFilter.java:93)
	at org.springframework.web.filter.OncePerRequestFilter.doFilter(OncePerRequestFilter.java:107)
	at org.apache.catalina.core.ApplicationFilterChain.internalDoFilter(ApplicationFilterChain.java:193)
	at org.apache.catalina.core.ApplicationFilterChain.doFilter(ApplicationFilterChain.java:166)
	at org.springframework.web.filter.CharacterEncodingFilter.doFilterInternal(CharacterEncodingFilter.java:200)
	at org.springframework.web.filter.OncePerRequestFilter.doFilter(OncePerRequestFilter.java:107)
	at org.apache.catalina.core.ApplicationFilterChain.internalDoFilter(ApplicationFilterChain.java:193)
	at org.apache.catalina.core.ApplicationFilterChain.doFilter(ApplicationFilterChain.java:166)
	at org.apache.catalina.core.StandardWrapperValve.invoke(StandardWrapperValve.java:199)
	at org.apache.catalina.core.StandardContextValve.invoke(StandardContextValve.java:96)
	at org.apache.catalina.authenticator.AuthenticatorBase.invoke(AuthenticatorBase.java:490)
	at org.apache.catalina.core.StandardHostValve.invoke(StandardHostValve.java:139)
	at org.apache.catalina.valves.ErrorReportValve.invoke(ErrorReportValve.java:92)
	at org.apache.catalina.core.StandardEngineValve.invoke(StandardEngineValve.java:74)
	at org.apache.catalina.connector.CoyoteAdapter.service(CoyoteAdapter.java:343)
	at org.apache.coyote.http11.Http11Processor.service(Http11Processor.java:408)
	at org.apache.coyote.AbstractProcessorLight.process(AbstractProcessorLight.java:66)
	at org.apache.coyote.AbstractProtocol$ConnectionHandler.process(AbstractProtocol.java:791)
	at org.apache.tomcat.util.net.NioEndpoint$SocketProcessor.doRun(NioEndpoint.java:1417)
	at org.apache.tomcat.util.net.SocketProcessorBase.run(SocketProcessorBase.java:49)
	at java.util.concurrent.ThreadPoolExecutor.runWorker(ThreadPoolExecutor.java:1142)
	at java.util.concurrent.ThreadPoolExecutor$Worker.run(ThreadPoolExecutor.java:617)
	at org.apache.tomcat.util.threads.TaskThread$WrappingRunnable.run(TaskThread.java:61)
	at java.lang.Thread.run(Thread.java:745)
2019-01-21 11:27:28.193 [HikariPool-1 housekeeper] WARN  com.zaxxer.hikari.pool.HikariPool - HikariPool-1 - Thread starvation or clock leap detected (housekeeper delta=4m90ms).
2019-01-21 11:48:26.907 [HikariPool-1 housekeeper] WARN  com.zaxxer.hikari.pool.HikariPool - HikariPool-1 - Thread starvation or clock leap detected (housekeeper delta=20m28s702ms).
2019-01-21 11:50:51.721 [HikariPool-1 housekeeper] WARN  com.zaxxer.hikari.pool.HikariPool - HikariPool-1 - Thread starvation or clock leap detected (housekeeper delta=2m24s814ms).
2019-01-21 11:55:31.848 [http-nio-8889-exec-3] INFO  com.course.controller.userManager - query login result:1
2019-01-21 11:55:31.851 [http-nio-8889-exec-3] INFO  com.course.controller.userManager - current username:zhangsan
2019-01-21 11:55:32.074 [http-nio-8889-exec-4] INFO  com.course.controller.userManager - cookies validation passed
2019-01-21 11:55:32.102 [http-nio-8889-exec-4] ERROR o.a.catalina.core.ContainerBase.[Tomcat].[localhost].[/].[dispatcherServlet] - Servlet.service() for servlet [dispatcherServlet] in context with path [] threw exception [Request processing failed; nested exception is java.lang.UnsupportedOperationException: Manual commit is not allowed over a Spring managed SqlSession] with root cause
java.lang.UnsupportedOperationException: Manual commit is not allowed over a Spring managed SqlSession
	at org.mybatis.spring.SqlSessionTemplate.commit(SqlSessionTemplate.java:326)
	at com.course.controller.userManager.addUser(userManager.java:58)
	at sun.reflect.NativeMethodAccessorImpl.invoke0(Native Method)
	at sun.reflect.NativeMethodAccessorImpl.invoke(NativeMethodAccessorImpl.java:62)
	at sun.reflect.DelegatingMethodAccessorImpl.invoke(DelegatingMethodAccessorImpl.java:43)
	at java.lang.reflect.Method.invoke(Method.java:497)
	at org.springframework.web.method.support.InvocableHandlerMethod.doInvoke(InvocableHandlerMethod.java:189)
	at org.springframework.web.method.support.InvocableHandlerMethod.invokeForRequest(InvocableHandlerMethod.java:138)
	at org.springframework.web.servlet.mvc.method.annotation.ServletInvocableHandlerMethod.invokeAndHandle(ServletInvocableHandlerMethod.java:102)
	at org.springframework.web.servlet.mvc.method.annotation.RequestMappingHandlerAdapter.invokeHandlerMethod(RequestMappingHandlerAdapter.java:895)
	at org.springframework.web.servlet.mvc.method.annotation.RequestMappingHandlerAdapter.handleInternal(RequestMappingHandlerAdapter.java:800)
	at org.springframework.web.servlet.mvc.method.AbstractHandlerMethodAdapter.handle(AbstractHandlerMethodAdapter.java:87)
	at org.springframework.web.servlet.DispatcherServlet.doDispatch(DispatcherServlet.java:1038)
	at org.springframework.web.servlet.DispatcherServlet.doService(DispatcherServlet.java:942)
	at org.springframework.web.servlet.FrameworkServlet.processRequest(FrameworkServlet.java:1005)
	at org.springframework.web.servlet.FrameworkServlet.doPost(FrameworkServlet.java:908)
	at javax.servlet.http.HttpServlet.service(HttpServlet.java:660)
	at org.springframework.web.servlet.FrameworkServlet.service(FrameworkServlet.java:882)
	at javax.servlet.http.HttpServlet.service(HttpServlet.java:741)
	at org.apache.catalina.core.ApplicationFilterChain.internalDoFilter(ApplicationFilterChain.java:231)
	at org.apache.catalina.core.ApplicationFilterChain.doFilter(ApplicationFilterChain.java:166)
	at org.apache.tomcat.websocket.server.WsFilter.doFilter(WsFilter.java:53)
	at org.apache.catalina.core.ApplicationFilterChain.internalDoFilter(ApplicationFilterChain.java:193)
	at org.apache.catalina.core.ApplicationFilterChain.doFilter(ApplicationFilterChain.java:166)
	at org.springframework.web.filter.RequestContextFilter.doFilterInternal(RequestContextFilter.java:99)
	at org.springframework.web.filter.OncePerRequestFilter.doFilter(OncePerRequestFilter.java:107)
	at org.apache.catalina.core.ApplicationFilterChain.internalDoFilter(ApplicationFilterChain.java:193)
	at org.apache.catalina.core.ApplicationFilterChain.doFilter(ApplicationFilterChain.java:166)
	at org.springframework.web.filter.FormContentFilter.doFilterInternal(FormContentFilter.java:92)
	at org.springframework.web.filter.OncePerRequestFilter.doFilter(OncePerRequestFilter.java:107)
	at org.apache.catalina.core.ApplicationFilterChain.internalDoFilter(ApplicationFilterChain.java:193)
	at org.apache.catalina.core.ApplicationFilterChain.doFilter(ApplicationFilterChain.java:166)
	at org.springframework.web.filter.HiddenHttpMethodFilter.doFilterInternal(HiddenHttpMethodFilter.java:93)
	at org.springframework.web.filter.OncePerRequestFilter.doFilter(OncePerRequestFilter.java:107)
	at org.apache.catalina.core.ApplicationFilterChain.internalDoFilter(ApplicationFilterChain.java:193)
	at org.apache.catalina.core.ApplicationFilterChain.doFilter(ApplicationFilterChain.java:166)
	at org.springframework.web.filter.CharacterEncodingFilter.doFilterInternal(CharacterEncodingFilter.java:200)
	at org.springframework.web.filter.OncePerRequestFilter.doFilter(OncePerRequestFilter.java:107)
	at org.apache.catalina.core.ApplicationFilterChain.internalDoFilter(ApplicationFilterChain.java:193)
	at org.apache.catalina.core.ApplicationFilterChain.doFilter(ApplicationFilterChain.java:166)
	at org.apache.catalina.core.StandardWrapperValve.invoke(StandardWrapperValve.java:199)
	at org.apache.catalina.core.StandardContextValve.invoke(StandardContextValve.java:96)
	at org.apache.catalina.authenticator.AuthenticatorBase.invoke(AuthenticatorBase.java:490)
	at org.apache.catalina.core.StandardHostValve.invoke(StandardHostValve.java:139)
	at org.apache.catalina.valves.ErrorReportValve.invoke(ErrorReportValve.java:92)
	at org.apache.catalina.core.StandardEngineValve.invoke(StandardEngineValve.java:74)
	at org.apache.catalina.connector.CoyoteAdapter.service(CoyoteAdapter.java:343)
	at org.apache.coyote.http11.Http11Processor.service(Http11Processor.java:408)
	at org.apache.coyote.AbstractProcessorLight.process(AbstractProcessorLight.java:66)
	at org.apache.coyote.AbstractProtocol$ConnectionHandler.process(AbstractProtocol.java:791)
	at org.apache.tomcat.util.net.NioEndpoint$SocketProcessor.doRun(NioEndpoint.java:1417)
	at org.apache.tomcat.util.net.SocketProcessorBase.run(SocketProcessorBase.java:49)
	at java.util.concurrent.ThreadPoolExecutor.runWorker(ThreadPoolExecutor.java:1142)
	at java.util.concurrent.ThreadPoolExecutor$Worker.run(ThreadPoolExecutor.java:617)
	at org.apache.tomcat.util.threads.TaskThread$WrappingRunnable.run(TaskThread.java:61)
	at java.lang.Thread.run(Thread.java:745)
2019-01-21 12:00:28.064 [Thread-3] INFO  org.springframework.scheduling.concurrent.ThreadPoolTaskScheduler - Shutting down ExecutorService 'taskScheduler'
2019-01-21 12:00:28.070 [Thread-3] INFO  org.springframework.scheduling.concurrent.ThreadPoolTaskExecutor - Shutting down ExecutorService 'applicationTaskExecutor'
2019-01-21 12:00:28.077 [Thread-3] INFO  com.zaxxer.hikari.HikariDataSource - HikariPool-1 - Shutdown initiated...
2019-01-21 12:00:28.101 [Thread-3] INFO  com.zaxxer.hikari.HikariDataSource - HikariPool-1 - Shutdown completed.
2019-01-21 12:00:37.952 [main] INFO  com.course.Application - Starting Application on zhangxiaofengdeMacBook-Pro.local with PID 3850 (/Users/zhangxiaofeng/Documents/workspace/com.api.automation/AutoAPITest/Chapter13/target/classes started by zhangxiaofeng in /Users/zhangxiaofeng/Documents/workspace/com.api.automation/AutoAPITest)
2019-01-21 12:00:37.958 [main] INFO  com.course.Application - No active profile set, falling back to default profiles: default
2019-01-21 12:00:40.798 [main] WARN  org.mybatis.spring.mapper.ClassPathMapperScanner - No MyBatis mapper was found in '[com.course]' package. Please check your configuration.
2019-01-21 12:00:41.727 [main] INFO  o.s.context.support.PostProcessorRegistrationDelegate$BeanPostProcessorChecker - Bean 'org.springframework.transaction.annotation.ProxyTransactionManagementConfiguration' of type [org.springframework.transaction.annotation.ProxyTransactionManagementConfiguration$$EnhancerBySpringCGLIB$$97adddba] is not eligible for getting processed by all BeanPostProcessors (for example: not eligible for auto-proxying)
2019-01-21 12:00:42.385 [main] INFO  org.springframework.boot.web.embedded.tomcat.TomcatWebServer - Tomcat initialized with port(s): 8889 (http)
2019-01-21 12:00:42.538 [main] INFO  org.apache.catalina.core.StandardService - Starting service [Tomcat]
2019-01-21 12:00:42.540 [main] INFO  org.apache.catalina.core.StandardEngine - Starting Servlet Engine: Apache Tomcat/9.0.13
2019-01-21 12:00:42.567 [main] INFO  org.apache.catalina.core.AprLifecycleListener - The APR based Apache Tomcat Native library which allows optimal performance in production environments was not found on the java.library.path: [/Users/zhangxiaofeng/Library/Java/Extensions:/Library/Java/Extensions:/Network/Library/Java/Extensions:/System/Library/Java/Extensions:/usr/lib/java:.]
2019-01-21 12:00:42.962 [main] INFO  org.apache.catalina.core.ContainerBase.[Tomcat].[localhost].[/] - Initializing Spring embedded WebApplicationContext
2019-01-21 12:00:42.962 [main] INFO  org.springframework.web.context.ContextLoader - Root WebApplicationContext: initialization completed in 4883 ms
2019-01-21 12:00:45.227 [main] INFO  org.springframework.scheduling.concurrent.ThreadPoolTaskExecutor - Initializing ExecutorService 'applicationTaskExecutor'
2019-01-21 12:00:45.878 [main] INFO  org.springframework.scheduling.concurrent.ThreadPoolTaskScheduler - Initializing ExecutorService 'taskScheduler'
2019-01-21 12:00:46.002 [main] INFO  springfox.documentation.spring.web.plugins.DocumentationPluginsBootstrapper - Context refreshed
2019-01-21 12:00:46.027 [main] INFO  springfox.documentation.spring.web.plugins.DocumentationPluginsBootstrapper - Found 1 custom documentation plugin(s)
2019-01-21 12:00:46.043 [main] INFO  springfox.documentation.spring.web.scanners.ApiListingReferenceScanner - Scanning for api listing references
2019-01-21 12:00:46.456 [main] INFO  org.springframework.boot.web.embedded.tomcat.TomcatWebServer - Tomcat started on port(s): 8889 (http) with context path ''
2019-01-21 12:00:46.462 [main] INFO  com.course.Application - Started Application in 10.226 seconds (JVM running for 11.507)
2019-01-21 12:01:25.896 [http-nio-8889-exec-1] INFO  org.apache.catalina.core.ContainerBase.[Tomcat].[localhost].[/] - Initializing Spring DispatcherServlet 'dispatcherServlet'
2019-01-21 12:01:25.897 [http-nio-8889-exec-1] INFO  org.springframework.web.servlet.DispatcherServlet - Initializing Servlet 'dispatcherServlet'
2019-01-21 12:01:25.909 [http-nio-8889-exec-1] INFO  org.springframework.web.servlet.DispatcherServlet - Completed initialization in 12 ms
2019-01-21 12:01:26.066 [http-nio-8889-exec-1] INFO  com.zaxxer.hikari.HikariDataSource - HikariPool-1 - Starting...
2019-01-21 12:01:26.072 [http-nio-8889-exec-1] WARN  com.zaxxer.hikari.util.DriverDataSource - Registered driver with driverClassName=com.mysql.jdbc.Driver was not found, trying direct instantiation.
2019-01-21 12:01:26.612 [http-nio-8889-exec-1] INFO  com.zaxxer.hikari.HikariDataSource - HikariPool-1 - Start completed.
2019-01-21 12:01:26.693 [http-nio-8889-exec-1] INFO  com.course.controller.userManager - query login result:1
2019-01-21 12:01:26.694 [http-nio-8889-exec-1] INFO  com.course.controller.userManager - current username:zhangsan
2019-01-21 12:01:27.117 [http-nio-8889-exec-2] INFO  com.course.controller.userManager - cookies validation passed
2019-01-21 12:01:27.244 [http-nio-8889-exec-2] ERROR o.a.catalina.core.ContainerBase.[Tomcat].[localhost].[/].[dispatcherServlet] - Servlet.service() for servlet [dispatcherServlet] in context with path [] threw exception [Request processing failed; nested exception is org.springframework.dao.DuplicateKeyException: 
### Error updating database.  Cause: java.sql.SQLIntegrityConstraintViolationException: Duplicate entry '23' for key 'PRIMARY'
### The error may involve com.course.addUser-Inline
### The error occurred while setting parameters
### SQL: insert into user(id,userName,password,age,gander,permission,isDelete)         values(         ?,?,?,?,?,?,?         )
### Cause: java.sql.SQLIntegrityConstraintViolationException: Duplicate entry '23' for key 'PRIMARY'
; Duplicate entry '23' for key 'PRIMARY'; nested exception is java.sql.SQLIntegrityConstraintViolationException: Duplicate entry '23' for key 'PRIMARY'] with root cause
java.sql.SQLIntegrityConstraintViolationException: Duplicate entry '23' for key 'PRIMARY'
	at com.mysql.cj.jdbc.exceptions.SQLError.createSQLException(SQLError.java:117)
	at com.mysql.cj.jdbc.exceptions.SQLError.createSQLException(SQLError.java:97)
	at com.mysql.cj.jdbc.exceptions.SQLExceptionsMapping.translateException(SQLExceptionsMapping.java:122)
	at com.mysql.cj.jdbc.ClientPreparedStatement.executeInternal(ClientPreparedStatement.java:974)
	at com.mysql.cj.jdbc.ClientPreparedStatement.execute(ClientPreparedStatement.java:391)
	at com.zaxxer.hikari.pool.ProxyPreparedStatement.execute(ProxyPreparedStatement.java:44)
	at com.zaxxer.hikari.pool.HikariProxyPreparedStatement.execute(HikariProxyPreparedStatement.java)
	at org.apache.ibatis.executor.statement.PreparedStatementHandler.update(PreparedStatementHandler.java:46)
	at org.apache.ibatis.executor.statement.RoutingStatementHandler.update(RoutingStatementHandler.java:74)
	at org.apache.ibatis.executor.SimpleExecutor.doUpdate(SimpleExecutor.java:50)
	at org.apache.ibatis.executor.BaseExecutor.update(BaseExecutor.java:117)
	at org.apache.ibatis.executor.CachingExecutor.update(CachingExecutor.java:76)
	at org.apache.ibatis.session.defaults.DefaultSqlSession.update(DefaultSqlSession.java:198)
	at org.apache.ibatis.session.defaults.DefaultSqlSession.insert(DefaultSqlSession.java:185)
	at sun.reflect.NativeMethodAccessorImpl.invoke0(Native Method)
	at sun.reflect.NativeMethodAccessorImpl.invoke(NativeMethodAccessorImpl.java:62)
	at sun.reflect.DelegatingMethodAccessorImpl.invoke(DelegatingMethodAccessorImpl.java:43)
	at java.lang.reflect.Method.invoke(Method.java:497)
	at org.mybatis.spring.SqlSessionTemplate$SqlSessionInterceptor.invoke(SqlSessionTemplate.java:433)
	at com.sun.proxy.$Proxy63.insert(Unknown Source)
	at org.mybatis.spring.SqlSessionTemplate.insert(SqlSessionTemplate.java:278)
	at com.course.controller.userManager.addUser(userManager.java:53)
	at sun.reflect.NativeMethodAccessorImpl.invoke0(Native Method)
	at sun.reflect.NativeMethodAccessorImpl.invoke(NativeMethodAccessorImpl.java:62)
	at sun.reflect.DelegatingMethodAccessorImpl.invoke(DelegatingMethodAccessorImpl.java:43)
	at java.lang.reflect.Method.invoke(Method.java:497)
	at org.springframework.web.method.support.InvocableHandlerMethod.doInvoke(InvocableHandlerMethod.java:189)
	at org.springframework.web.method.support.InvocableHandlerMethod.invokeForRequest(InvocableHandlerMethod.java:138)
	at org.springframework.web.servlet.mvc.method.annotation.ServletInvocableHandlerMethod.invokeAndHandle(ServletInvocableHandlerMethod.java:102)
	at org.springframework.web.servlet.mvc.method.annotation.RequestMappingHandlerAdapter.invokeHandlerMethod(RequestMappingHandlerAdapter.java:895)
	at org.springframework.web.servlet.mvc.method.annotation.RequestMappingHandlerAdapter.handleInternal(RequestMappingHandlerAdapter.java:800)
	at org.springframework.web.servlet.mvc.method.AbstractHandlerMethodAdapter.handle(AbstractHandlerMethodAdapter.java:87)
	at org.springframework.web.servlet.DispatcherServlet.doDispatch(DispatcherServlet.java:1038)
	at org.springframework.web.servlet.DispatcherServlet.doService(DispatcherServlet.java:942)
	at org.springframework.web.servlet.FrameworkServlet.processRequest(FrameworkServlet.java:1005)
	at org.springframework.web.servlet.FrameworkServlet.doPost(FrameworkServlet.java:908)
	at javax.servlet.http.HttpServlet.service(HttpServlet.java:660)
	at org.springframework.web.servlet.FrameworkServlet.service(FrameworkServlet.java:882)
	at javax.servlet.http.HttpServlet.service(HttpServlet.java:741)
	at org.apache.catalina.core.ApplicationFilterChain.internalDoFilter(ApplicationFilterChain.java:231)
	at org.apache.catalina.core.ApplicationFilterChain.doFilter(ApplicationFilterChain.java:166)
	at org.apache.tomcat.websocket.server.WsFilter.doFilter(WsFilter.java:53)
	at org.apache.catalina.core.ApplicationFilterChain.internalDoFilter(ApplicationFilterChain.java:193)
	at org.apache.catalina.core.ApplicationFilterChain.doFilter(ApplicationFilterChain.java:166)
	at org.springframework.web.filter.RequestContextFilter.doFilterInternal(RequestContextFilter.java:99)
	at org.springframework.web.filter.OncePerRequestFilter.doFilter(OncePerRequestFilter.java:107)
	at org.apache.catalina.core.ApplicationFilterChain.internalDoFilter(ApplicationFilterChain.java:193)
	at org.apache.catalina.core.ApplicationFilterChain.doFilter(ApplicationFilterChain.java:166)
	at org.springframework.web.filter.FormContentFilter.doFilterInternal(FormContentFilter.java:92)
	at org.springframework.web.filter.OncePerRequestFilter.doFilter(OncePerRequestFilter.java:107)
	at org.apache.catalina.core.ApplicationFilterChain.internalDoFilter(ApplicationFilterChain.java:193)
	at org.apache.catalina.core.ApplicationFilterChain.doFilter(ApplicationFilterChain.java:166)
	at org.springframework.web.filter.HiddenHttpMethodFilter.doFilterInternal(HiddenHttpMethodFilter.java:93)
	at org.springframework.web.filter.OncePerRequestFilter.doFilter(OncePerRequestFilter.java:107)
	at org.apache.catalina.core.ApplicationFilterChain.internalDoFilter(ApplicationFilterChain.java:193)
	at org.apache.catalina.core.ApplicationFilterChain.doFilter(ApplicationFilterChain.java:166)
	at org.springframework.web.filter.CharacterEncodingFilter.doFilterInternal(CharacterEncodingFilter.java:200)
	at org.springframework.web.filter.OncePerRequestFilter.doFilter(OncePerRequestFilter.java:107)
	at org.apache.catalina.core.ApplicationFilterChain.internalDoFilter(ApplicationFilterChain.java:193)
	at org.apache.catalina.core.ApplicationFilterChain.doFilter(ApplicationFilterChain.java:166)
	at org.apache.catalina.core.StandardWrapperValve.invoke(StandardWrapperValve.java:199)
	at org.apache.catalina.core.StandardContextValve.invoke(StandardContextValve.java:96)
	at org.apache.catalina.authenticator.AuthenticatorBase.invoke(AuthenticatorBase.java:490)
	at org.apache.catalina.core.StandardHostValve.invoke(StandardHostValve.java:139)
	at org.apache.catalina.valves.ErrorReportValve.invoke(ErrorReportValve.java:92)
	at org.apache.catalina.core.StandardEngineValve.invoke(StandardEngineValve.java:74)
	at org.apache.catalina.connector.CoyoteAdapter.service(CoyoteAdapter.java:343)
	at org.apache.coyote.http11.Http11Processor.service(Http11Processor.java:408)
	at org.apache.coyote.AbstractProcessorLight.process(AbstractProcessorLight.java:66)
	at org.apache.coyote.AbstractProtocol$ConnectionHandler.process(AbstractProtocol.java:791)
	at org.apache.tomcat.util.net.NioEndpoint$SocketProcessor.doRun(NioEndpoint.java:1417)
	at org.apache.tomcat.util.net.SocketProcessorBase.run(SocketProcessorBase.java:49)
	at java.util.concurrent.ThreadPoolExecutor.runWorker(ThreadPoolExecutor.java:1142)
	at java.util.concurrent.ThreadPoolExecutor$Worker.run(ThreadPoolExecutor.java:617)
	at org.apache.tomcat.util.threads.TaskThread$WrappingRunnable.run(TaskThread.java:61)
	at java.lang.Thread.run(Thread.java:745)
2019-01-21 12:04:58.463 [http-nio-8889-exec-3] INFO  com.course.controller.userManager - cookies validation passed
2019-01-21 12:04:58.535 [http-nio-8889-exec-3] INFO  com.course.controller.userManager - getUserInfo's number1
2019-01-21 12:13:42.694 [http-nio-8889-exec-5] INFO  com.course.controller.userManager - query login result:1
2019-01-21 12:13:42.697 [http-nio-8889-exec-5] INFO  com.course.controller.userManager - current username:zhangsan
2019-01-21 12:13:42.919 [http-nio-8889-exec-6] INFO  com.course.controller.userManager - cookies validation passed
2019-01-21 12:13:42.972 [http-nio-8889-exec-6] INFO  com.course.controller.userManager - addUser successed,1
2019-01-21 12:22:05.820 [http-nio-8889-exec-8] INFO  com.course.controller.userManager - cookies validation passed
2019-01-21 12:22:05.826 [http-nio-8889-exec-8] INFO  com.course.controller.userManager - getUserInfo's number1
2019-01-21 12:23:12.614 [http-nio-8889-exec-10] INFO  com.course.controller.userManager - query login result:1
2019-01-21 12:23:12.616 [http-nio-8889-exec-10] INFO  com.course.controller.userManager - current username:zhangsan
2019-01-21 12:23:12.924 [http-nio-8889-exec-1] INFO  com.course.controller.userManager - cookies validation passed
2019-01-21 12:23:13.032 [http-nio-8889-exec-1] INFO  com.course.controller.userManager - addUser successed,1
2019-01-21 12:23:31.087 [http-nio-8889-exec-2] INFO  com.course.controller.userManager - cookies validation passed
2019-01-21 12:23:31.093 [http-nio-8889-exec-2] INFO  com.course.controller.userManager - getUserInfo's number1
2019-01-21 12:23:31.233 [http-nio-8889-exec-3] INFO  com.course.controller.userManager - cookies validation passed
2019-01-21 12:23:31.237 [http-nio-8889-exec-3] INFO  com.course.controller.userManager - getUserInfo's number1
2019-01-21 12:39:02.955 [http-nio-8889-exec-5] INFO  com.course.controller.userManager - query login result:1
2019-01-21 12:39:02.958 [http-nio-8889-exec-5] INFO  com.course.controller.userManager - current username:zhangsan
2019-01-21 12:39:03.268 [http-nio-8889-exec-6] INFO  com.course.controller.userManager - cookies validation passed
2019-01-21 12:39:03.377 [http-nio-8889-exec-6] INFO  com.course.controller.userManager - addUser successed,1
2019-01-21 12:40:21.400 [http-nio-8889-exec-8] INFO  com.course.controller.userManager - cookies validation passed
2019-01-21 12:40:21.407 [http-nio-8889-exec-8] INFO  com.course.controller.userManager - getUserInfo's number1
2019-01-21 12:41:15.613 [http-nio-8889-exec-9] INFO  com.course.controller.userManager - cookies validation passed
2019-01-21 12:41:15.617 [http-nio-8889-exec-9] INFO  com.course.controller.userManager - getUserInfo's number1
2019-01-21 12:41:15.691 [http-nio-8889-exec-10] INFO  com.course.controller.userManager - cookies validation passed
2019-01-21 12:41:15.721 [http-nio-8889-exec-10] INFO  com.course.controller.userManager - updateUser successfully,update count is1
2019-01-21 12:42:53.699 [http-nio-8889-exec-2] INFO  com.course.controller.userManager - query login result:0
2019-01-21 12:44:23.501 [http-nio-8889-exec-4] INFO  com.course.controller.userManager - query login result:1
2019-01-21 12:44:23.503 [http-nio-8889-exec-4] INFO  com.course.controller.userManager - current username:zhangsan
2019-01-21 12:44:23.715 [http-nio-8889-exec-5] INFO  com.course.controller.userManager - cookies validation passed
2019-01-21 12:44:23.743 [http-nio-8889-exec-5] INFO  com.course.controller.userManager - addUser successed,1
2019-01-21 12:45:02.922 [http-nio-8889-exec-6] INFO  com.course.controller.userManager - cookies validation passed
2019-01-21 12:45:02.926 [http-nio-8889-exec-6] INFO  com.course.controller.userManager - getUserInfo's number1
2019-01-21 12:45:09.700 [http-nio-8889-exec-7] INFO  com.course.controller.userManager - cookies validation passed
2019-01-21 12:45:09.722 [http-nio-8889-exec-7] INFO  com.course.controller.userManager - getUserInfo's number1
2019-01-21 12:45:59.749 [http-nio-8889-exec-8] INFO  com.course.controller.userManager - cookies validation passed
2019-01-21 12:45:59.762 [http-nio-8889-exec-8] INFO  com.course.controller.userManager - updateUser successfully,update count is1
2019-01-21 12:47:48.947 [http-nio-8889-exec-10] INFO  com.course.controller.userManager - query login result:0
2019-01-21 12:48:58.504 [http-nio-8889-exec-2] INFO  com.course.controller.userManager - query login result:0
2019-01-21 12:49:29.078 [http-nio-8889-exec-4] INFO  com.course.controller.userManager - query login result:1
2019-01-21 12:49:29.079 [http-nio-8889-exec-4] INFO  com.course.controller.userManager - current username:zhangsan
2019-01-21 12:49:29.299 [http-nio-8889-exec-5] INFO  com.course.controller.userManager - cookies validation passed
2019-01-21 12:49:29.376 [http-nio-8889-exec-5] INFO  com.course.controller.userManager - addUser successed,1
2019-01-21 12:49:41.771 [http-nio-8889-exec-6] INFO  com.course.controller.userManager - cookies validation passed
2019-01-21 12:49:41.776 [http-nio-8889-exec-6] INFO  com.course.controller.userManager - getUserInfo's number1
2019-01-21 12:49:47.750 [http-nio-8889-exec-7] INFO  com.course.controller.userManager - cookies validation passed
2019-01-21 12:49:47.771 [http-nio-8889-exec-7] INFO  com.course.controller.userManager - getUserInfo's number1
2019-01-21 12:50:22.975 [http-nio-8889-exec-8] INFO  com.course.controller.userManager - cookies validation passed
2019-01-21 12:50:23.006 [http-nio-8889-exec-8] INFO  com.course.controller.userManager - updateUser successfully,update count is1
2019-01-21 12:52:23.245 [http-nio-8889-exec-10] INFO  com.course.controller.userManager - query login result:1
2019-01-21 12:52:23.246 [http-nio-8889-exec-10] INFO  com.course.controller.userManager - current username:zhangsan
2019-01-21 12:52:23.497 [http-nio-8889-exec-1] INFO  com.course.controller.userManager - cookies validation passed
2019-01-21 12:52:23.559 [http-nio-8889-exec-1] INFO  com.course.controller.userManager - addUser successed,1
2019-01-21 12:52:41.468 [http-nio-8889-exec-2] INFO  com.course.controller.userManager - cookies validation passed
2019-01-21 12:52:41.481 [http-nio-8889-exec-2] INFO  com.course.controller.userManager - getUserInfo's number1
2019-01-21 12:52:47.108 [http-nio-8889-exec-3] INFO  com.course.controller.userManager - cookies validation passed
2019-01-21 12:52:47.114 [http-nio-8889-exec-3] INFO  com.course.controller.userManager - getUserInfo's number1
2019-01-21 12:52:58.987 [http-nio-8889-exec-4] INFO  com.course.controller.userManager - cookies validation passed
2019-01-21 12:52:59.102 [http-nio-8889-exec-4] INFO  com.course.controller.userManager - updateUser successfully,update count is1
2019-01-21 12:53:52.277 [http-nio-8889-exec-5] INFO  com.course.controller.userManager - cookies validation passed
2019-01-21 12:53:52.303 [http-nio-8889-exec-5] INFO  com.course.controller.userManager - updateUser successfully,update count is1
2019-01-21 15:38:26.008 [HikariPool-1 housekeeper] WARN  com.zaxxer.hikari.pool.HikariPool - HikariPool-1 - Thread starvation or clock leap detected (housekeeper delta=20m27s560ms).
2019-01-21 15:48:31.388 [HikariPool-1 housekeeper] WARN  com.zaxxer.hikari.pool.HikariPool - HikariPool-1 - Thread starvation or clock leap detected (housekeeper delta=9m35s361ms).
2019-01-21 16:03:09.565 [HikariPool-1 housekeeper] WARN  com.zaxxer.hikari.pool.HikariPool - HikariPool-1 - Thread starvation or clock leap detected (housekeeper delta=10m8s119ms).
2019-01-21 16:30:06.520 [HikariPool-1 housekeeper] WARN  com.zaxxer.hikari.pool.HikariPool - HikariPool-1 - Thread starvation or clock leap detected (housekeeper delta=20m26s900ms).
2019-01-21 16:40:14.399 [HikariPool-1 housekeeper] WARN  com.zaxxer.hikari.pool.HikariPool - HikariPool-1 - Thread starvation or clock leap detected (housekeeper delta=9m37s870ms).
2019-01-21 17:08:11.524 [HikariPool-1 housekeeper] WARN  com.zaxxer.hikari.pool.HikariPool - HikariPool-1 - Thread starvation or clock leap detected (housekeeper delta=20m27s51ms).
2019-01-21 17:29:10.807 [HikariPool-1 housekeeper] WARN  com.zaxxer.hikari.pool.HikariPool - HikariPool-1 - Thread starvation or clock leap detected (housekeeper delta=20m29s274ms).
2019-01-21 17:50:08.605 [HikariPool-1 housekeeper] WARN  com.zaxxer.hikari.pool.HikariPool - HikariPool-1 - Thread starvation or clock leap detected (housekeeper delta=20m27s791ms).
2019-01-21 18:10:37.753 [HikariPool-1 housekeeper] WARN  com.zaxxer.hikari.pool.HikariPool - HikariPool-1 - Thread starvation or clock leap detected (housekeeper delta=20m29s147ms).
2019-01-21 18:31:36.200 [HikariPool-1 housekeeper] WARN  com.zaxxer.hikari.pool.HikariPool - HikariPool-1 - Thread starvation or clock leap detected (housekeeper delta=20m28s437ms).
2019-01-21 19:03:45.798 [HikariPool-1 housekeeper] WARN  com.zaxxer.hikari.pool.HikariPool - HikariPool-1 - Thread starvation or clock leap detected (housekeeper delta=20m9s87ms).
2019-01-21 19:35:39.528 [HikariPool-1 housekeeper] WARN  com.zaxxer.hikari.pool.HikariPool - HikariPool-1 - Thread starvation or clock leap detected (housekeeper delta=12m23s552ms).
2019-01-21 19:47:46.534 [http-nio-8889-exec-7] INFO  com.course.controller.userManager - query login result:0
2019-01-21 19:48:50.832 [http-nio-8889-exec-9] INFO  com.course.controller.userManager - query login result:1
2019-01-21 19:48:50.833 [http-nio-8889-exec-9] INFO  com.course.controller.userManager - current username:zhangsan
2019-01-21 19:48:51.115 [http-nio-8889-exec-10] INFO  com.course.controller.userManager - cookies validation passed
2019-01-21 19:48:51.146 [http-nio-8889-exec-10] INFO  com.course.controller.userManager - addUser successed,1
2019-01-21 19:48:54.237 [http-nio-8889-exec-1] INFO  com.course.controller.userManager - cookies validation passed
2019-01-21 19:48:54.248 [http-nio-8889-exec-1] INFO  com.course.controller.userManager - getUserInfo's number1
2019-01-21 19:48:54.384 [http-nio-8889-exec-2] INFO  com.course.controller.userManager - cookies validation passed
2019-01-21 19:48:54.392 [http-nio-8889-exec-2] INFO  com.course.controller.userManager - getUserInfo's number1
2019-01-21 19:48:54.465 [http-nio-8889-exec-3] INFO  com.course.controller.userManager - cookies validation passed
2019-01-21 19:48:54.562 [http-nio-8889-exec-3] INFO  com.course.controller.userManager - updateUser successfully,update count is1
2019-01-21 19:48:57.631 [http-nio-8889-exec-4] INFO  com.course.controller.userManager - cookies validation passed
2019-01-21 19:48:57.666 [http-nio-8889-exec-4] INFO  com.course.controller.userManager - updateUser successfully,update count is1
2019-01-21 20:09:14.916 [Thread-3] INFO  org.springframework.scheduling.concurrent.ThreadPoolTaskScheduler - Shutting down ExecutorService 'taskScheduler'
2019-01-21 20:09:14.975 [Thread-3] INFO  org.springframework.scheduling.concurrent.ThreadPoolTaskExecutor - Shutting down ExecutorService 'applicationTaskExecutor'
2019-01-21 20:09:14.994 [Thread-3] INFO  com.zaxxer.hikari.HikariDataSource - HikariPool-1 - Shutdown initiated...
2019-01-21 20:09:15.048 [Thread-3] INFO  com.zaxxer.hikari.HikariDataSource - HikariPool-1 - Shutdown completed.
